<?xml version="1.0" encoding="UTF-8"?>
<!-- Generated by org.testng.reporters.JUnitReportReporter -->
<testsuite hostname="Rahul-Dev-Ghosh" failures="0" tests="1" name="com.salesforce.testcases.DashboardPageTest" time="9.282" errors="0" timestamp="2022-05-17T23:34:09 IST" skipped="0">
  <testcase classname="com.salesforce.testcases.DashboardPageTest" name="verifyAllTabsOnDashboardPage" time="9.282"/>
  <system-out/>
</testsuite> <!-- com.salesforce.testcases.DashboardPageTest -->
