<?xml version="1.0" encoding="UTF-8"?>
<!-- Generated by org.testng.reporters.JUnitReportReporter -->
<testsuite hostname="Rahul-Dev-Ghosh" failures="0" tests="8" name="com.salesforce.testcases.LoginPageTest" time="25.689" errors="0" timestamp="2022-05-17T23:34:09 IST" skipped="0">
  <testcase classname="com.salesforce.testcases.LoginPageTest" name="validateLoginNegativeScenarios" time="3.128"/>
  <system-out/>
  <testcase classname="com.salesforce.testcases.LoginPageTest" name="validateLoginNegativeScenarios" time="4.088"/>
  <system-out/>
  <testcase classname="com.salesforce.testcases.LoginPageTest" name="validateLoginNegativeScenarios" time="3.325"/>
  <system-out/>
  <testcase classname="com.salesforce.testcases.LoginPageTest" name="validateLoginNegativeScenarios" time="3.124"/>
  <system-out/>
  <testcase classname="com.salesforce.testcases.LoginPageTest" name="validateLoginNegativeScenarios" time="3.239"/>
  <system-out/>
  <testcase classname="com.salesforce.testcases.LoginPageTest" name="validateLoginNegativeScenarios" time="3.078"/>
  <system-out/>
  <testcase classname="com.salesforce.testcases.LoginPageTest" name="validateLoginNegativeScenarios" time="3.063"/>
  <system-out/>
  <testcase classname="com.salesforce.testcases.LoginPageTest" name="loginPageTitleTest" time="2.644"/>
  <system-out/>
</testsuite> <!-- com.salesforce.testcases.LoginPageTest -->
