<?xml version="1.0" encoding="UTF-8"?>
<!-- Generated by org.testng.reporters.JUnitReportReporter -->
<testsuite hostname="Rahul-Dev-Ghosh" failures="0" tests="7" name="com.salesforce.testcases.LoginPageTest" time="29.219" errors="0" timestamp="2022-05-17T19:08:22 IST" skipped="0">
  <testcase classname="com.salesforce.testcases.LoginPageTest" name="validateLoginNegativeScenarios" time="2.841"/>
  <system-out/>
  <testcase classname="com.salesforce.testcases.LoginPageTest" name="validateLoginNegativeScenarios" time="3.197"/>
  <system-out/>
  <testcase classname="com.salesforce.testcases.LoginPageTest" name="validateLoginNegativeScenarios" time="3.229"/>
  <system-out/>
  <testcase classname="com.salesforce.testcases.LoginPageTest" name="validateLoginNegativeScenarios" time="4.340"/>
  <system-out/>
  <testcase classname="com.salesforce.testcases.LoginPageTest" name="validateLoginNegativeScenarios" time="9.906"/>
  <system-out/>
  <testcase classname="com.salesforce.testcases.LoginPageTest" name="validateLoginNegativeScenarios" time="2.872"/>
  <system-out/>
  <testcase classname="com.salesforce.testcases.LoginPageTest" name="validateLoginNegativeScenarios" time="2.834"/>
  <system-out/>
</testsuite> <!-- com.salesforce.testcases.LoginPageTest -->
