<?xml version="1.0" encoding="UTF-8"?>
<!-- Generated by org.testng.reporters.JUnitReportReporter -->
<testsuite hostname="Rahul-Dev-Ghosh" failures="0" tests="1" name="com.salesforce.testcases.LoginPageTest" time="9.488" errors="0" timestamp="2022-05-18T14:28:20 IST" skipped="0">
  <testcase classname="com.salesforce.testcases.LoginPageTest" name="validateLogin" time="9.488"/>
  <system-out/>
</testsuite> <!-- com.salesforce.testcases.LoginPageTest -->
