<?xml version="1.0" encoding="UTF-8"?>
<!-- Generated by org.testng.reporters.JUnitReportReporter -->
<testsuite hostname="Rahul-Dev-Ghosh" failures="0" tests="1" name="com.salesforce.testcases.LoginPageTest" time="4.311" errors="0" timestamp="2022-05-18T23:04:07 IST" skipped="0">
  <testcase classname="com.salesforce.testcases.LoginPageTest" name="loginPageTitleTest" time="4.311"/>
  <system-out/>
</testsuite> <!-- com.salesforce.testcases.LoginPageTest -->
