<?xml version="1.0" encoding="UTF-8"?>
<!-- Generated by org.testng.reporters.JUnitReportReporter -->
<testsuite hostname="Rahul-Dev-Ghosh" failures="0" tests="8" name="com.salesforce.testcases.LoginPageTest" time="42.705" errors="0" timestamp="2022-05-16T13:49:06 IST" skipped="0">
  <testcase classname="com.salesforce.testcases.LoginPageTest" name="loginPageTitleTest" time="3.281"/>
  <system-out/>
  <testcase classname="com.salesforce.testcases.LoginPageTest" name="validateLoginNegativeScenarios" time="3.907"/>
  <system-out/>
  <testcase classname="com.salesforce.testcases.LoginPageTest" name="validateLoginNegativeScenarios" time="3.780"/>
  <system-out/>
  <testcase classname="com.salesforce.testcases.LoginPageTest" name="validateLoginNegativeScenarios" time="12.875"/>
  <system-out/>
  <testcase classname="com.salesforce.testcases.LoginPageTest" name="validateLoginNegativeScenarios" time="3.908"/>
  <system-out/>
  <testcase classname="com.salesforce.testcases.LoginPageTest" name="validateLoginNegativeScenarios" time="4.145"/>
  <system-out/>
  <testcase classname="com.salesforce.testcases.LoginPageTest" name="validateLoginNegativeScenarios" time="5.084"/>
  <system-out/>
  <testcase classname="com.salesforce.testcases.LoginPageTest" name="validateLoginNegativeScenarios" time="5.725"/>
  <system-out/>
</testsuite> <!-- com.salesforce.testcases.LoginPageTest -->
