<?xml version="1.0" encoding="UTF-8"?>
<!-- Generated by org.testng.reporters.JUnitReportReporter -->
<testsuite hostname="Rahul-Dev-Ghosh" failures="0" tests="1" name="com.salesforce.testcases.DashboardPageTest" time="19.853" errors="0" timestamp="2022-05-16T13:49:06 IST" skipped="0">
  <testcase classname="com.salesforce.testcases.DashboardPageTest" name="verifyAllTabsOnDashboardPage" time="19.853"/>
  <system-out/>
</testsuite> <!-- com.salesforce.testcases.DashboardPageTest -->
